build/outputs/logs/manifest-merger-debug-report.txt
-- Merging decision tree log ---
manifest
ADDED from IncomeOutlayManagement\AndroidManifest.xml:2:1-70:12
	package
		ADDED from IncomeOutlayManagement\AndroidManifest.xml:3:5-41
	android:versionName
		ADDED from IncomeOutlayManagement\AndroidManifest.xml:5:5-30
		INJECTED from IncomeOutlayManagement\AndroidManifest.xml
		INJECTED from IncomeOutlayManagement\AndroidManifest.xml
	android:versionCode
		ADDED from IncomeOutlayManagement\AndroidManifest.xml:4:5-28
		INJECTED from IncomeOutlayManagement\AndroidManifest.xml
		INJECTED from IncomeOutlayManagement\AndroidManifest.xml
	xmlns:android
		ADDED from IncomeOutlayManagement\AndroidManifest.xml:2:11-69
uses-sdk
ADDED from IncomeOutlayManagement\AndroidManifest.xml:7:5-9:41
	android:targetSdkVersion
		ADDED from IncomeOutlayManagement\AndroidManifest.xml:9:9-38
	android:minSdkVersion
		ADDED from IncomeOutlayManagement\AndroidManifest.xml:8:9-35
application
ADDED from IncomeOutlayManagement\AndroidManifest.xml:11:5-66:19
	android:label
		ADDED from IncomeOutlayManagement\AndroidManifest.xml:14:9-41
	android:allowBackup
		ADDED from IncomeOutlayManagement\AndroidManifest.xml:12:9-35
	android:icon
		ADDED from IncomeOutlayManagement\AndroidManifest.xml:13:9-45
	android:theme
		ADDED from IncomeOutlayManagement\AndroidManifest.xml:15:9-56
activity#com.incomeoutlaymanagement.LanuchActivity
ADDED from IncomeOutlayManagement\AndroidManifest.xml:16:9-26:20
	android:screenOrientation
		ADDED from IncomeOutlayManagement\AndroidManifest.xml:19:13-49
	android:label
		ADDED from IncomeOutlayManagement\AndroidManifest.xml:18:13-45
	android:name
		ADDED from IncomeOutlayManagement\AndroidManifest.xml:17:13-43
intent-filter#android.intent.action.MAIN+android.intent.category.LAUNCHER
ADDED from IncomeOutlayManagement\AndroidManifest.xml:20:13-24:29
action#android.intent.action.MAIN
ADDED from IncomeOutlayManagement\AndroidManifest.xml:21:17-69
	android:name
		ADDED from IncomeOutlayManagement\AndroidManifest.xml:21:25-66
category#android.intent.category.LAUNCHER
ADDED from IncomeOutlayManagement\AndroidManifest.xml:23:17-77
	android:name
		ADDED from IncomeOutlayManagement\AndroidManifest.xml:23:27-74
activity#com.incomeoutlaymanagement.MainActivity
ADDED from IncomeOutlayManagement\AndroidManifest.xml:28:9-32:20
	android:screenOrientation
		ADDED from IncomeOutlayManagement\AndroidManifest.xml:31:17-53
	android:label
		ADDED from IncomeOutlayManagement\AndroidManifest.xml:30:17-49
	android:name
		ADDED from IncomeOutlayManagement\AndroidManifest.xml:29:17-45
activity#com.incomeoutlaymanagement.LogReg
ADDED from IncomeOutlayManagement\AndroidManifest.xml:34:9-38:20
	android:screenOrientation
		ADDED from IncomeOutlayManagement\AndroidManifest.xml:37:13-49
	android:label
		ADDED from IncomeOutlayManagement\AndroidManifest.xml:36:13-45
	android:name
		ADDED from IncomeOutlayManagement\AndroidManifest.xml:35:13-35
activity#com.incomeoutlaymanagement.InOutDis
ADDED from IncomeOutlayManagement\AndroidManifest.xml:40:9-44:20
	android:screenOrientation
		ADDED from IncomeOutlayManagement\AndroidManifest.xml:43:17-53
	android:label
		ADDED from IncomeOutlayManagement\AndroidManifest.xml:42:17-49
	android:name
		ADDED from IncomeOutlayManagement\AndroidManifest.xml:41:17-41
activity#com.incomeoutlaymanagement.InOutPutAct
ADDED from IncomeOutlayManagement\AndroidManifest.xml:46:9-50:20
	android:screenOrientation
		ADDED from IncomeOutlayManagement\AndroidManifest.xml:49:17-53
	android:label
		ADDED from IncomeOutlayManagement\AndroidManifest.xml:48:17-49
	android:name
		ADDED from IncomeOutlayManagement\AndroidManifest.xml:47:17-44
activity#com.incomeoutlaymanagement.PlanAdd
ADDED from IncomeOutlayManagement\AndroidManifest.xml:51:9-55:20
	android:screenOrientation
		ADDED from IncomeOutlayManagement\AndroidManifest.xml:54:17-53
	android:label
		ADDED from IncomeOutlayManagement\AndroidManifest.xml:53:17-49
	android:name
		ADDED from IncomeOutlayManagement\AndroidManifest.xml:52:17-40
activity#com.incomeoutlaymanagement.PlanShow
ADDED from IncomeOutlayManagement\AndroidManifest.xml:56:9-60:20
	android:screenOrientation
		ADDED from IncomeOutlayManagement\AndroidManifest.xml:59:17-53
	android:label
		ADDED from IncomeOutlayManagement\AndroidManifest.xml:58:17-49
	android:name
		ADDED from IncomeOutlayManagement\AndroidManifest.xml:57:17-41
activity#com.incomeoutlaymanagement.PlanDetails
ADDED from IncomeOutlayManagement\AndroidManifest.xml:61:9-65:20
	android:screenOrientation
		ADDED from IncomeOutlayManagement\AndroidManifest.xml:64:17-53
	android:label
		ADDED from IncomeOutlayManagement\AndroidManifest.xml:63:17-49
	android:name
		ADDED from IncomeOutlayManagement\AndroidManifest.xml:62:17-44
uses-permission#android.permission.MOUNT_UNMOUNT_FILESYSTEMS
ADDED from IncomeOutlayManagement\AndroidManifest.xml:67:1-96
	android:name
		ADDED from IncomeOutlayManagement\AndroidManifest.xml:67:18-77
uses-permission#android.permission.INTERNET
ADDED from IncomeOutlayManagement\AndroidManifest.xml:68:1-63
	android:name
		ADDED from IncomeOutlayManagement\AndroidManifest.xml:68:18-60
uses-permission#android.permission.WRITE_EXTERNAL_STORAGE
ADDED from IncomeOutlayManagement\AndroidManifest.xml:69:1-77
	android:name
		ADDED from IncomeOutlayManagement\AndroidManifest.xml:69:18-74